<?xml version="1.0" encoding="UTF-8"?>
<testng-results skipped="0" failed="1" total="2" passed="1">
  <reporter-output>
  </reporter-output>
  <suite name="Default suite" duration-ms="43690" started-at="2020-02-18T02:33:12Z" finished-at="2020-02-18T02:33:56Z">
    <groups>
    </groups>
    <test name="Default test" duration-ms="43690" started-at="2020-02-18T02:33:12Z" finished-at="2020-02-18T02:33:56Z">
      <class name="cn.testCase.TestEmail163addContactPerson">
        <test-method status="PASS" signature="beforeClass()[pri:0, instance:cn.testCase.TestEmail163addContactPerson@464bee09]" name="beforeClass" is-config="true" duration-ms="845" started-at="2020-02-18T10:33:12Z" finished-at="2020-02-18T10:33:13Z">
          <reporter-output>
          </reporter-output>
        </test-method> <!-- beforeClass -->
        <test-method status="PASS" signature="beforeMethod()[pri:0, instance:cn.testCase.TestEmail163addContactPerson@464bee09]" name="beforeMethod" is-config="true" duration-ms="6476" started-at="2020-02-18T10:33:13Z" finished-at="2020-02-18T10:33:20Z">
          <reporter-output>
          </reporter-output>
        </test-method> <!-- beforeMethod -->
        <test-method status="PASS" signature="testAddContactPerson(java.lang.String, java.lang.String, java.lang.String, java.lang.String, java.lang.String, java.lang.String, java.lang.String, java.lang.String, java.lang.String, java.lang.String)[pri:0, instance:cn.testCase.TestEmail163addContactPerson@464bee09]" name="testAddContactPerson" duration-ms="19593" started-at="2020-02-18T10:33:20Z" data-provider="testData" finished-at="2020-02-18T10:33:39Z">
          <params>
            <param index="0">
              <value>
                <![CDATA[1.0]]>
              </value>
            </param>
            <param index="1">
              <value>
                <![CDATA[新建联系人1]]>
              </value>
            </param>
            <param index="2">
              <value>
                <![CDATA[13647452447]]>
              </value>
            </param>
            <param index="3">
              <value>
                <![CDATA[puhongjun123456]]>
              </value>
            </param>
            <param index="4">
              <value>
                <![CDATA[小一]]>
              </value>
            </param>
            <param index="5">
              <value>
                <![CDATA[12345@163.com]]>
              </value>
            </param>
            <param index="6">
              <value>
                <![CDATA[18888888888]]>
              </value>
            </param>
            <param index="7">
              <value>
                <![CDATA[小一]]>
              </value>
            </param>
            <param index="8">
              <value>
                <![CDATA[12345@163.com]]>
              </value>
            </param>
            <param index="9">
              <value>
                <![CDATA[18888888888]]>
              </value>
            </param>
          </params>
          <reporter-output>
          </reporter-output>
        </test-method> <!-- testAddContactPerson -->
        <test-method status="PASS" signature="afterMethod()[pri:0, instance:cn.testCase.TestEmail163addContactPerson@464bee09]" name="afterMethod" is-config="true" duration-ms="1346" started-at="2020-02-18T10:33:39Z" finished-at="2020-02-18T10:33:41Z">
          <reporter-output>
          </reporter-output>
        </test-method> <!-- afterMethod -->
        <test-method status="PASS" signature="beforeMethod()[pri:0, instance:cn.testCase.TestEmail163addContactPerson@464bee09]" name="beforeMethod" is-config="true" duration-ms="2616" started-at="2020-02-18T10:33:41Z" finished-at="2020-02-18T10:33:43Z">
          <reporter-output>
          </reporter-output>
        </test-method> <!-- beforeMethod -->
        <test-method status="FAIL" signature="testAddContactPerson(java.lang.String, java.lang.String, java.lang.String, java.lang.String, java.lang.String, java.lang.String, java.lang.String, java.lang.String, java.lang.String, java.lang.String)[pri:0, instance:cn.testCase.TestEmail163addContactPerson@464bee09]" name="testAddContactPerson" duration-ms="11915" started-at="2020-02-18T10:33:43Z" data-provider="testData" finished-at="2020-02-18T10:33:55Z">
          <params>
            <param index="0">
              <value>
                <![CDATA[2.0]]>
              </value>
            </param>
            <param index="1">
              <value>
                <![CDATA[新建联系人2]]>
              </value>
            </param>
            <param index="2">
              <value>
                <![CDATA[13647452447]]>
              </value>
            </param>
            <param index="3">
              <value>
                <![CDATA[puhongjun123456]]>
              </value>
            </param>
            <param index="4">
              <value>
                <![CDATA[小二]]>
              </value>
            </param>
            <param index="5">
              <value>
                <![CDATA[12345@163.com]]>
              </value>
            </param>
            <param index="6">
              <value>
                <![CDATA[18888888888]]>
              </value>
            </param>
            <param index="7">
              <value>
                <![CDATA[店小二]]>
              </value>
            </param>
            <param index="8">
              <value>
                <![CDATA[12345@163.com]]>
              </value>
            </param>
            <param index="9">
              <value>
                <![CDATA[18888888888]]>
              </value>
            </param>
          </params>
          <exception class="java.lang.AssertionError">
            <message>
              <![CDATA[断言通讯录页面是否包含联系人姓名的关键字失败]]>
            </message>
            <full-stacktrace>
              <![CDATA[java.lang.AssertionError: 断言通讯录页面是否包含联系人姓名的关键字失败
	at org.testng.Assert.fail(Assert.java:94)
	at cn.testCase.TestEmail163addContactPerson.testAddContactPerson(TestEmail163addContactPerson.java:90)
	at sun.reflect.NativeMethodAccessorImpl.invoke0(Native Method)
	at sun.reflect.NativeMethodAccessorImpl.invoke(NativeMethodAccessorImpl.java:62)
	at sun.reflect.DelegatingMethodAccessorImpl.invoke(DelegatingMethodAccessorImpl.java:43)
	at java.lang.reflect.Method.invoke(Method.java:498)
	at org.testng.internal.MethodInvocationHelper.invokeMethod(MethodInvocationHelper.java:85)
	at org.testng.internal.Invoker.invokeMethod(Invoker.java:639)
	at org.testng.internal.Invoker.invokeTestMethod(Invoker.java:816)
	at org.testng.internal.Invoker.invokeTestMethods(Invoker.java:1124)
	at org.testng.internal.TestMethodWorker.invokeTestMethods(TestMethodWorker.java:125)
	at org.testng.internal.TestMethodWorker.run(TestMethodWorker.java:108)
	at org.testng.TestRunner.privateRun(TestRunner.java:774)
	at org.testng.TestRunner.run(TestRunner.java:624)
	at org.testng.SuiteRunner.runTest(SuiteRunner.java:359)
	at org.testng.SuiteRunner.runSequentially(SuiteRunner.java:354)
	at org.testng.SuiteRunner.privateRun(SuiteRunner.java:312)
	at org.testng.SuiteRunner.run(SuiteRunner.java:261)
	at org.testng.SuiteRunnerWorker.runSuite(SuiteRunnerWorker.java:52)
	at org.testng.SuiteRunnerWorker.run(SuiteRunnerWorker.java:86)
	at org.testng.TestNG.runSuitesSequentially(TestNG.java:1215)
	at org.testng.TestNG.runSuitesLocally(TestNG.java:1140)
	at org.testng.TestNG.run(TestNG.java:1048)
	at org.testng.remote.AbstractRemoteTestNG.run(AbstractRemoteTestNG.java:114)
	at org.testng.remote.RemoteTestNG.initAndRun(RemoteTestNG.java:251)
	at org.testng.remote.RemoteTestNG.main(RemoteTestNG.java:77)
]]>
            </full-stacktrace>
          </exception> <!-- java.lang.AssertionError -->
          <reporter-output>
          </reporter-output>
        </test-method> <!-- testAddContactPerson -->
        <test-method status="PASS" signature="afterMethod()[pri:0, instance:cn.testCase.TestEmail163addContactPerson@464bee09]" name="afterMethod" is-config="true" duration-ms="815" started-at="2020-02-18T10:33:55Z" finished-at="2020-02-18T10:33:56Z">
          <reporter-output>
          </reporter-output>
        </test-method> <!-- afterMethod -->
      </class> <!-- cn.testCase.TestEmail163addContactPerson -->
    </test> <!-- Default test -->
  </suite> <!-- Default suite -->
</testng-results>
